(:)
(/:3)(!:y)(-:b)
(-:e)(!:])(/:r)(-:)(!:R)(/:x)(/:m)(-:f)(!:)
(!:)(/:2)(-:k)(-:$)(/:)(!:)(!:)(/:)(!:u)(/:)(-:G)(-:D)(/:U)(!:d)(/:n)(-:)(!:)(/:)(-:w)(/:)(!:a)(!:T)(-:()(/:s)
(/:)(-:g)(-:)(!:)(/:))(/:B)(/:7)(-:v)(!:)(/:o)(!:\)(/:)(!::)(-:c)(/:')(!:)(/:)(!:S)(-:)(/:)(-:4)(/:)(/:A)(-:)(/:F)(-:0)(/:L)(-:)
(-:+)(!:.)(/:P)(/:l)(/:K)(-:q)(-:h)(!:i)(!:[)(/:t)(-:H)(!:1)(/:J)(-:9)(/:,)(!:p)
(:)
(/:3)(!:y)(-:b)
(-:e)(!:])(/:r)(-:)(!:R)(/:x)(/:m)(-:f)(!:)
(!:)(/:2)(-:k)(-:$)(/:)(!:)(!:)(/:)(!:u)(/:)(-:G)(-:D)(/:U)(!:d)(/:n)(-:)(!:)(/:)(-:w)(/:)(!:a)(!:T)(-:()(/:s)
(-:g)(-:)(!:)(/:))(/:B)(/:7)(-:v)(!:)(/:o)(!:\)(/:)(!::)(-:c)(/:')(!:)(/:)(!:S)(-:)(/:)(-:4)(/:)(/:A)(-:)(/:F)(-:0)(/:L)(-:)
(!:.)(/:P)(/:l)(/:K)(-:q)(-:h)(!:i)(!:[)(/:t)(-:H)(!:1)(/:J)(-:9)(/:,)(!:p)
(:)
(/:3)(!:y)(-:b)
(-:e)(!:])(/:r)(-:)(!:R)(/:x)(/:m)(-:f)(!:)
(!:)(/:2)(-:k)(-:$)(/:)(!:)(!:)(/:)(!:u)(/:)(-:G)(-:D)(/:U)(!:d)(/:n)(-:)(!:)(/:)(-:w)(/:)(!:a)(!:T)(-:()(/:s)
(-:g)(-:)(!:)(/:))(/:B)(/:7)(-:v)(!:)(/:o)(/:)(!::)(-:c)(/:')(!:)(/:)(!:S)(-:)(/:)(-:4)(/:)(/:A)(-:)(/:F)(-:0)(/:L)(-:)
(!:.)(/:P)(/:l)(/:K)(-:q)(-:h)(!:i)(!:[)(/:t)(-:H)(!:1)(/:J)(-:9)(/:,)(!:p)
(:)
(/:3)(!:y)(-:b)
(-:e)(!:])(/:r)(-:)(!:R)(/:x)(/:m)(-:f)(!:)
(!:)(/:2)(-:k)(-:)(/:)(!:)(!:)(/:)(!:u)(/:)(-:G)(-:D)(/:U)(!:d)(/:n)(-:)(!:)(/:)(-:w)(/:)(!:a)(!:T)(-:()(/:s)
(-:g)(-:)(!:)(/:))(/:B)(/:7)(-:v)(!:)(/:o)(/:)(!::)(-:c)(/:')(!:)(/:)(!:S)(-:)(/:)(-:4)(/:)(/:A)(-:)(/:F)(-:0)(/:L)(-:)
(!:.)(/:P)(/:l)(/:K)(-:q)(-:h)(!:i)(!:[)(/:t)(-:H)(!:1)(/:J)(-:9)(/:,)(!:p)
(:)
(/:3)(!:y)(-:b)
(-:e)(!:])(/:r)(-:)(!:R)(/:x)(/:m)(-:f)(!:)
(!:)(/:2)(-:k)(-:)(/:)(!:)(!:)(/:)(!:u)(-:G)(-:D)(/:U)(!:d)(/:n)(-:)(!:)(/:)(-:w)(/:)(!:a)(!:T)(-:()(/:s)
(-:g)(-:)(!:)(/:))(/:B)(/:7)(-:v)(!:)(/:o)(/:)(-:c)(/:')(!:)(/:)(!:S)(-:)(/:)(-:4)(/:)(/:A)(-:)(/:F)(-:0)(/:L)(-:)
(!:.)(/:P)(/:l)(/:K)(-:q)(-:h)(!:i)(!:[)(/:t)(-:H)(!:1)(/:J)(-:9)(/:,)(!:p)
(:)
(/:3)(!:y)(-:b)
(-:e)(!:])(/:r)(-:)(!:R)(/:x)(/:m)(-:f)(!:)
(!:)(/:2)(-:k)(-:)(/:)(!:)(!:)(/:)(!:u)(-:)(-:D)(/:U)(!:d)(/:n)(-:)(!:)(/:)(-:w)(/:)(!:a)(!:T)(-:()(/:s)
(-:g)(-:)(!:)(/:))(/:B)(/:7)(-:v)(!:)(/:o)(/:)(-:c)(/:')(!:)(/:)(!:S)(-:)(/:)(-:4)(/:)(/:A)(-:)(/:F)(-:0)(/:L)(-:)
(!:.)(/:P)(/:l)(/:K)(-:q)(-:h)(!:i)(!:[)(/:t)(-:H)(!:1)(/:J)(-:9)(/:,)(!:p)
