(:)
(.:y)(_:3)(%:b)
(%:)(.:R)(_:x)(.:])(%:e)(_:r)(_:m)(%:f)(.:)
(.:u)(_:)(%:G)(%:D)(_:U)(.:d)(_:n)(%:$)(_:)(.:)(_:2)(%:k)(.:)(.:)(_:)(%:)(.:)(_:)(%:w)(_:)(.:a)(.:T)(%:()(_:s)
(.:\)(_:)(.::)(%:c)(_:')(_:))(_:B)(_:7)(%:)(.:)(%:g)(%:v)(.:)(_:o)(.:)(_:)(.:S)(%:)(_:)(%:4)(_:)(_:A)(%:)(_:F)(%:0)(_:L)(%:)
(.:i)(%:q)(_:l)(_:K)(.:.)(_:P)(%:h)(.:[)(_:t)(%:H)(.:1)(_:J)(%:9)(_:,)(.:p)
(:)
(.:y)(_:3)(%:b)
(%:)(.:R)(_:x)(.:])(%:e)(_:r)(_:m)(%:f)(.:)
(.:u)(_:)(%:G)(%:D)(_:U)(.:d)(_:n)(%:$)(_:)(.:)(_:2)(%:k)(.:)(.:)(_:)(%:)(.:)(_:)(%:w)(_:)(.:a)(.:T)(%:()(_:s)
(_:)(.::)(%:c)(_:')(_:))(_:B)(_:7)(%:)(.:)(%:g)(%:v)(.:)(_:o)(.:)(_:)(.:S)(%:)(_:)(%:4)(_:)(_:A)(%:)(_:F)(%:0)(_:L)(%:)
(.:i)(%:q)(_:l)(_:K)(.:.)(_:P)(%:h)(.:[)(_:t)(%:H)(.:1)(_:J)(%:9)(_:,)(.:p)
(:)
(.:y)(_:3)(%:b)
(%:)(.:R)(_:x)(.:])(%:e)(_:r)(_:m)(%:f)(.:)
(.:u)(_:)(%:G)(%:D)(_:U)(.:d)(_:n)(%:)(_:)(.:)(_:2)(%:k)(.:)(.:)(_:)(%:)(.:)(_:)(%:w)(_:)(.:a)(.:T)(%:()(_:s)
(_:)(.::)(%:c)(_:')(_:))(_:B)(_:7)(%:)(.:)(%:g)(%:v)(.:)(_:o)(.:)(_:)(.:S)(%:)(_:)(%:4)(_:)(_:A)(%:)(_:F)(%:0)(_:L)(%:)
(.:i)(%:q)(_:l)(_:K)(.:.)(_:P)(%:h)(.:[)(_:t)(%:H)(.:1)(_:J)(%:9)(_:,)(.:p)
(:)
(.:y)(_:3)(%:b)
(%:)(.:R)(_:x)(.:])(%:e)(_:r)(_:m)(%:f)(.:)
(.:u)(%:G)(%:D)(_:U)(.:d)(_:n)(%:)(_:)(.:)(_:2)(%:k)(.:)(.:)(_:)(%:)(.:)(_:)(%:w)(_:)(.:a)(.:T)(%:()(_:s)
(_:)(%:c)(_:')(_:))(_:B)(_:7)(%:)(.:)(%:g)(%:v)(.:)(_:o)(.:)(_:)(.:S)(%:)(_:)(%:4)(_:)(_:A)(%:)(_:F)(%:0)(_:L)(%:)
(.:i)(%:q)(_:l)(_:K)(.:.)(_:P)(%:h)(.:[)(_:t)(%:H)(.:1)(_:J)(%:9)(_:,)(.:p)
(:)
(.:y)(_:3)(%:b)
(%:)(.:R)(_:x)(.:])(%:e)(_:r)(_:m)(%:f)(.:)
(.:u)(%:)(%:D)(_:U)(.:d)(_:n)(%:)(_:)(.:)(_:2)(%:k)(.:)(.:)(_:)(%:)(.:)(_:)(%:w)(_:)(.:a)(.:T)(%:()(_:s)
(_:)(%:c)(_:')(_:))(_:B)(_:7)(%:)(.:)(%:g)(%:v)(.:)(_:o)(.:)(_:)(.:S)(%:)(_:)(%:4)(_:)(_:A)(%:)(_:F)(%:0)(_:L)(%:)
(.:i)(%:q)(_:l)(_:K)(.:.)(_:P)(%:h)(.:[)(_:t)(%:H)(.:1)(_:J)(%:9)(_:,)(.:p)
