(:)
(-:b)(/:3)(!:y)
(!:)(/:m)(-:f)(!:)(-:e)(/:r)(!:R)(/:x)(-:)
(!:T)(-:()(/:s)(!:)(/:)(-:)(/:)(-:w)(!:a)(/:)(-:)(!:)(/:2)(-:k)(!:)(!:)(/:)(-:D)(/:U)(!:d)(/:n)(!:u)(-:)
(/:F)(-:0)(/:L)(-:)(!:S)(-:)(/:)(/:)(/:A)(-:)(/:)(/:B)(/:))(/:7)(-:)(!:)(-:g)(-:v)(!:)(/:o)(/:')(/:)(-:c)
(!:p)(!:1)(/:J)(/:t)(-:H)(/:,)(-:9)(-:q)(/:l)(/:K)(!:.)(/:P)(-:h)(!:i)
(:)
(-:b)(/:3)(!:y)
(!:)(/:m)(-:f)(!:)(-:e)(/:r)(!:R)(/:x)(-:)
(!:T)(-:()(/:s)(!:)(/:)(-:)(/:)(-:w)(!:a)(/:)(-:)(!:)(/:2)(-:k)(!:)(!:)(/:)(-:D)(/:U)(!:d)(/:n)(!:u)(-:)
(/:F)(-:0)(/:L)(-:)(!:S)(-:)(/:)(/:)(/:A)(-:)(/:)(-:4)(/:B)(/:))(/:7)(-:)(!:)(-:g)(-:v)(!:)(/:o)(/:')(/:)(-:c)
(!:p)(!:1)(/:J)(/:t)(-:H)(/:,)(-:9)(-:q)(/:l)(/:K)(!:.)(/:P)(-:h)(!:i)
(:)
(-:b)(/:3)(!:y)
(!:)(/:m)(-:f)(!:)(-:e)(/:r)(!:R)(/:x)(-:)
(!:T)(-:()(/:s)(!:)(/:)(-:)(/:)(-:w)(!:a)(/:)(-:)(!:)(/:2)(-:k)(!:)(!:)(/:)(-:D)(/:U)(!:d)(/:n)(!:u)(-:)
(/:F)(-:0)(/:L)(-:)(!:S)(-:)(/:)(/:)(!:)(/:A)(-:)(/:)(-:4)(/:B)(/:))(/:7)(-:)(!:)(-:g)(-:v)(!:)(/:o)(/:')(/:)(-:c)
(!:p)(!:1)(/:J)(/:t)(-:H)(!:[)(/:,)(-:9)(-:q)(/:l)(/:K)(!:.)(/:P)(-:h)(!:i)
(:)
(-:b)(/:3)(!:y)
(!:)(/:m)(-:f)(!:])(-:e)(/:r)(!:R)(/:x)(-:)
(!:T)(-:()(/:s)(!:)(/:)(-:)(/:)(-:w)(!:a)(/:)(-:)(!:)(/:2)(-:k)(!:)(!:)(/:)(-:D)(/:U)(!:d)(/:n)(!:u)(-:)
(/:F)(-:0)(/:L)(-:)(!:S)(-:)(/:)(/:)(!:)(/:A)(-:)(/:)(-:4)(/:B)(/:))(/:7)(-:)(!:)(-:g)(-:v)(!:)(/:o)(/:')(/:)(-:c)
(!:p)(!:1)(/:J)(/:t)(-:H)(!:[)(/:,)(-:9)(-:q)(/:l)(/:K)(!:.)(/:P)(-:h)(!:i)
(:)
(-:b)(/:3)(!:y)
(!:)(/:m)(-:f)(!:])(-:e)(/:r)(!:R)(/:x)(-:)
(!:T)(-:()(/:s)(!:)(/:)(-:)(/:)(-:w)(!:a)(/:)(-:)(!:)(/:2)(-:k)(!:)(!:)(/:)(-:D)(/:U)(!:d)(/:n)(!:u)(-:)
(/:F)(-:0)(/:L)(-:)(!:S)(-:)(/:)(/:)(!:)(/:A)(-:)(/:)(-:4)(/:B)(/:))(/:7)(-:)(!:)(-:g)(-:v)(!:)(/:o)(/:)(/:')(/:)(-:c)
(!:p)(!:1)(/:J)(/:t)(-:H)(!:[)(/:,)(-:9)(-:q)(/:l)(/:K)(!:.)(/:P)(-:h)(/:$)(!:i)
(:)
(-:b)(/:3)(!:y)
(!:=)(/:m)(-:f)(!:])(-:e)(/:r)(!:R)(/:x)(-:)
(!:T)(-:()(/:s)(!:)(/:)(-:)(/:)(-:w)(!:a)(/:)(-:)(!:)(/:2)(-:k)(!:)(!:)(/:)(-:D)(/:U)(!:d)(/:n)(!:u)(-:)
(/:F)(-:0)(/:L)(-:)(!:S)(-:)(/:)(/:)(!:)(/:A)(-:)(/:)(-:4)(/:B)(/:))(/:7)(-:)(!:)(-:g)(-:v)(!:)(/:o)(/:)(/:')(/:)(-:c)
(!:p)(!:1)(/:J)(/:t)(-:H)(!:[)(/:,)(-:9)(-:q)(/:l)(/:K)(!:.)(/:P)(-:h)(/:$)(!:i)
