(:)
(-:x)(!:i)((::)(a:)(^:)(d:S)(/:)():)
(/:)(-:)(a:)(d:)(^:c)(/:)(a:)():o)(-:)((:)(^:n)(d:)(-:t)(^:)(-:)(a:)(a:)((:)(d:)():)(!:)(d:)(/:)(!:)(^:)((:)((:)(d:)(-:f)(^:)
((:)((:)():)((:)(a:))(^:l)(/:w)(!:F)((:)(a:)(-:)(a:k)(-:)(-:)():)(!:)(d:)(/:)():)(d:)(d:)(a:)(!:)(/:)((:)((:)(/:)():)(^:)
(a:)(/:)(^:O)(/:)(/:)(d:)(-:)(a:)(!:)():)((:v)():)(!:A)(a:b)((:)(a:E)():)(a:)(^:)():)(a:)((:)(!:)(^:h)
(a:)(d:)(!:)(!:)():)((:)(a:)((:y)():u)((:z)(/:)(!:)((:r)():)(!:)(/:)(!:)((:)
(!:)():)((:.)():)(-:)(d:)(!:)(^:p)(a:)(^:)(/:)():)(-:g)(-:)
():)(d:)(^:)(d:)(d:)():)(/:I)(-:)(/:a)(!:)((:)
(^:3)((:)(/:)(/:C)(a:e)():d)(^:m)():T)(d:s)
(a:()(a:)
(-:,)
(:)
(-:x)(!:i)((::)(a:)(^:)(d:S)(/:)():)
(/:)(-:)(a:)(d:)(^:c)(/:)(a:)():o)(-:)(!:)((:)(^:n)(d:)(-:t)(^:)(-:)(a:)(a:)((:)(d:)():)(!:)(d:)(/:)(!:)(^:)((:)((:)(d:)(-:f)(^:)
((:)((:)():)((:)(a:))(^:l)(/:w)(!:F)(^:)((:)(a:)(-:)(a:k)(-:)(-:)():)(!:)(d:)(/:)():)(d:)(d:)(a:)(!:)(/:)((:)((:)(/:)():)(^:)
(a:)(/:)(^:O)(/:)(-:)(/:)(d:)(-:)(a:)(!:)():)((:v)():)(!:A)(a:b)((:)(a:E)():)(a:)(^:)():)(a:)((:)(!:)(^:h)
(a:)(d:)(!:)((:)(!:)():)((:)(a:)((:y)():u)((:z)(/:)(!:)((:r)():)(!:)(/:)(!:)((:)
(!:)():)((:.)(-:)():)(-:)(d:)(!:)(^:p)(a:)(^:)(/:)():)(-:g)(-:)
():)(d:)((:0)(^:)(d:)(d:)():)(/:I)(-:)(/:a)(!:)((:)
(^:3)((:)(/:)(/:C)(a:e)():d)(^:m)():T)(d:s)
(a:()(a:)
(-:,)
(:)
(-:x)(!:i)((::)(a:D)(^:)(d:S)(/:)():)
(/:)(-:)(a:)(d:)(^:c)(/:)(a:)():o)(-:)(!:)((:)(^:n)(d:)(-:t)(^:)(-:)(a:)(a:)((:)(d:)():)(!:)(d:)(/:)(!:)(^:)((:)((:)(d:)(-:f)(^:)
((:)((:)():)((:)(a:))(^:l)(/:w)(!:F)(^:)((:)(a:)(-:)(a:k)(-:)(-:)():)(!:)(d:)(/:)():)(d:)(d:)(a:)(!:)(/:)((:)((:)(/:)():)(^:)
(a:)(/:)(^:O)(/:)(-:)(/:)(d:)(-:)(a:)(!:)():)((:v)():)(!:A)(a:b)((:)(a:E)():)(a:)(^:)():)(a:)((:)(!:)(^:h)
(a:)(d:)(!:)((:)(!:)():)((:)(a:)((:y)():u)((:z)(/:)(!:)((:r)():)(!:)(/:)(!:)((:)
(!:)():)((:.)(-:)():)(-:)(d:)(!:)(^:p)(a:)(^:)(/:)():)(-:g)(-:)
():)(d:)((:0)(^:)(d:)(d:)():)(/:I)(-:)(/:a)(!:)((:)
(^:3)((:)(/:)(/:C)(a:e)():d)(^:m)():T)(d:s)
(a:()(a:)
(-:,)
(:)
(-:x)(!:i)((::)(a:D)(^:)(d:S)(/:)():)
(/:)(-:)(a:)(d:)(^:c)((:)(/:)(a:)():o)(-:)(!:)((:)(^:n)(d:)(-:t)(^:)(-:)(a:)(a:)((:)(d:)():)(!:)(d:)(/:)(!:)(^:)((:)((:)(d:)(-:f)(^:)
((:)((:)():)((:)(!:)(a:))(^:l)(/:w)(!:F)(^:)((:)(a:)(-:)(a:k)(-:)(-:)():)(!:)(d:)(/:)():)(d:)(d:)(a:)(!:)(/:)((:)((:)(/:)():)(^:)
(a:)(/:)(^:O)(/:)(^:q)(-:)(/:)(d:)(-:)(a:)(!:)():)((:v)():)(!:A)(a:b)((:)(a:E)():)(a:)(^:)():)(a:)((:)(!:)(^:h)
(a:)(d:)(!:)((:)(!:)():)((:)(a:)((:y)():u)((:z)(/:)(!:)((:r)():)(!:)(/:)(!:)((:)
(!:)():)((:.)(-:)():)(-:)(d:)(!:)(^:p)(a:)(^:)(/:)():)(-:g)(-:)
():)(d:)((:0)(^:)(d:)(d:)():)(/:I)(-:)(/:a)(!:)((:)
(^:3)((:)(/:)(/:C)(a:e)():d)(^:m)():T)(d:s)
(a:()(a:)
(-:,)
(:)
(-:x)(!:i)((::)(a:D)(^:)(d:S)(/:)():)
(/:)(-:)(a:)(d:)(^:c)((:)(/:)(a:)():o)(!:)((:)(^:n)(d:)(-:t)(^:)(-:)(a:)(a:)((:)(d:)():)(!:)(d:)(/:)(!:)(^:)((:)((:)(d:)(-:f)(^:)
((:)((:)():)((:)(!:)(a:))(^:l)(/:w)(^:)((:)(a:)(-:)(a:k)(-:)(-:)():)(!:)(d:)(/:)():)(d:)(d:)(a:)(!:)(/:)((:)((:)(/:)():)(^:)
(a:)(/:)(^:O)(/:)(^:q)(-:)(/:)(d:)(-:)(a:)(!:)():)((:v)():)(!:A)(a:b)((:)(a:E)():)(a:)(^:)():)(a:)((:)(!:)(^:h)
(a:)(d:)(!:)((:)(!:)():)((:)(a:)((:y)():u)((:z)(/:)(!:)((:r)():)(!:)(/:)(!:)((:)
(!:)():)((:.)(-:)():)(-:)(d:)(!:)(^:p)(a:)(^:)(/:)():)(-:g)(-:)
():)(d:)((:0)(^:)(d:)(d:)():)(/:I)(-:)(/:a)(!:)((:)
(^:3)((:)(/:)(/:C)(a:e)():d)(^:m)():T)(d:s)
(a:()(a:)
(-:,)
(:)
(-:x)(!:i)((::)(a:D)(^:)(d:S)(/:)():)
(/:)(a:)(d:)(^:c)((:)(/:)(a:)():o)(!:)((:)(^:n)(d:)(-:t)(^:)(-:)(a:)(a:)((:)(d:)():)(!:)(d:)(/:)(!:)(^:)((:)((:)(d:)(-:f)(^:)
((:)():)((:)(!:)(a:))(^:l)(/:w)(^:)((:)(a:)(-:)(a:k)(-:)(-:)():)(!:)(d:)(/:)():)(d:)(d:)(a:)(!:)(/:)((:)((:)(/:)():)(^:)
(a:)(^:O)(/:)(^:q)(-:)(/:)(d:)(-:)(a:)(!:)():)((:v)():)(!:A)(a:b)((:)(a:E)():)(a:)(^:)():)(a:)((:)(!:)(^:h)
(a:)(!:)((:)(!:)():)((:)(a:)((:y)():u)((:z)(/:)(!:)((:r)():)(!:)(/:)(!:)((:)
(!:)((:.)(-:)():)(-:)(d:)(!:)(^:p)(a:)(^:)(/:)():)(-:g)(-:)
():)((:0)(^:)(d:)(d:)():)(/:I)(-:)(/:a)(!:)((:)
(^:3)(/:)(/:C)(a:e)():d)(^:m)():T)(d:s)
(a:)
(-:,)
(:)
(-:x)(!:i)((::)(a:D)(^:)(d:S)(/:)():)
(/:)(d:)(^:c)((:)(/:)(a:)():o)(!:)((:)(^:n)(d:)(-:t)(^:)(-:)(a:)(a:)((:)(d:)():)(!:)(d:)(/:)(!:)(^:)((:)((:)(d:)(-:f)(^:)
((:)((:)(!:)(a:))(^:l)(/:w)(^:)((:)(a:)(-:)(a:k)(-:)(-:)():)(!:)(d:)(/:)():)(d:)(d:)(a:)(!:)(/:)((:)((:)(/:)():)(^:)
(a:)(/:)(^:q)(-:)(/:)(d:)(-:)(a:)(!:)():)((:v)():)(!:A)(a:b)((:)(a:E)():)(a:)(^:)():)(a:)((:)(!:)(^:h)
(a:)(!:)((:)(!:)():)((:)(a:)((:y)():u)((:z)(/:)(!:)((:r)():)(!:)(/:)(!:)((:)
(!:)((:.)(-:)():)(-:)(d:)(!:)(^:p)(a:)(^:)(/:)():)(-:g)(-:)
():)((:0)(^:)(d:)(d:)():)(/:I)(-:)(/:a)(!:)((:)
(^:3)(/:)(/:C)(a:e)():d)(^:m)():T)(d:s)
(a:)
(-:,)
(:)
(-:x)(!:i)((::)(a:D)(^:)(d:S)(/:)():)
(/:)(d:)(^:c)((:)(/:)(a:)():o)(!:)((:)(^:n)(d:)(-:t)(^:)(-:)(a:)(/:)(a:)((:)(d:)():)(!:)(d:)(/:)(!:)(^:)((:)((:)(d:)(-:f)(^:)
((:)((:)(!:)(a:))(^:l)(/:w)(^:)((:)(a:)(-:)(a:k)(-:)(-:)():)():)(!:)(d:)(/:)():)(d:)(d:)(a:)(!:)(/:)((:)((:)(/:)():)(^:)
(a:)(/:)(^:q)(-:)(/:)(d:)(-:)(a:)(!:)():)(!:)((:v)():)(!:A)(a:b)((:)(a:E)():)(a:)(^:)():)(a:)((:)(!:)(^:h)
(a:)(!:)((:)(!:)():)((:)(a:)((:y)():u)():)((:z)(/:)(!:)((:r)():)(!:)(/:)(!:)((:)
(!:)((:.)(-:)():)(-:)(d:)(!:)(/:)(^:p)(a:)(^:)(/:)():)(-:g)(-:)
():)((:0)(^:)(d:)(d:)():)():F)(/:I)(-:)(/:a)(!:)((:)
(^:3)(/:)(/:C)(a:e)():d)(^:m)():T)(d:s)
(a:)
(-:,)
(:)
(-:x)(!:i)((::)(a:D)(^:)(d:S)(/:)():)
(/:)(d:)(^:c)((:)(/:)(a:)():o)(!:)((:)(^:n)(d:)(-:t)(^:)(-:)(a:)(/:)(a:)((:)(d:)(^:)():)(!:)(d:)(/:)(!:)(^:)((:)((:)(d:)(-:f)(^:)
((:)((:)(!:)(a:))(^:l)(/:w)(^:)((:)(a:)(-:)(a:k)(-:)(-:)():)():)(!:)(d:)(/:)(d:)():)(d:)(d:)(a:)(!:)(/:)((:)((:)(/:)():)(^:)
(a:)(/:)(^:q)(-:)(/:)(d:)(-:)(a:)(!:)():)(!:)((:v)():)(!:A)((:)(a:b)((:)(a:E)():)(a:)(^:)():)(a:)((:)(!:)(^:h)
(a:)(!:)((:)(!:)():)((:)(a:)((:y)():u)():)((:z)(-:)(/:)(!:)((:r)():)(!:)(/:)(!:)((:)
(!:)((:.)(-:)():)(-:)(d:)(!:)(/:)(-:)(^:p)(a:)(^:)(/:)():)(-:g)(-:)
():)((:0)(^:)(d:)(d:)():)():F)(-:()(/:I)(-:)(/:a)(!:)((:)
(^:3)(/:)(/:C)(a:e)():d)(^:m)():T)(d:s)
(a:)
(-:,)
(:)
(-:x)(!:i)((::)(a:D)(^:)(d:S)(/:)():)
(/:)(d:)(^:c)((:)(/:)(a:)():o)(!:)((:)(^:n)(d:)(-:t)(^:)(-:)(a:)(/:)(a:)((:)(d:)(^:)():)(!:)(d:)(d:)(/:)(!:)(^:)((:)((:)(d:)(-:f)(^:)
((:)((:)(!:)(a:))(^:l)(/:w)(^:)((:)(a:)(-:)(a:k)(-:)(-:)():)():)(!:)(d:)(/:)(d:)():)(d:)(d:)(a:)(a:)(!:)(/:)((:)((:)(/:)():)(^:)
(a:)(/:)(^:q)(-:)(/:)(d:)(-:)(a:)(!:)():)(!:)((:v)():)(!:A)((:)(a:b)((:)(a:E)((:)():)(a:)(^:)():)(a:)((:)(!:)(^:h)
(a:)(!:)((:)(!:)():)((:)(a:)((:y)():u)():)((:z)(-:)(/:)(!:)(!:)((:r)():)(!:)(/:)(!:)((:)
(!:)((:.)(-:)():)(-:)(d:)(!:)(/:)(-:)(^:p)(-:)(a:)(^:)(/:)():)(-:g)(-:)
():)((:0)(^:)(d:)(d:)():)():F)(-:()(!:)(/:I)(-:)(/:a)(!:)((:)
(^:3)(/:)(/:C)(a:e)():d)(!:)(^:m)():T)(d:s)
(a:)(/:O)
(-:,)
(:)
(-:x)(!:i)((::)(a:D)(^:)(d:S)(/:)():)
(/:)(d:)(^:c)((:)(/:)(a:)():o)(!:)((:)(^:n)(d:)(-:t)(^:)(-:)(a:)(/:)(a:)((:)(d:)(^:)():)(!:)(d:)(d:)(/:)(!:)(^:)((:)((:)(d:)(-:f)(^:)
((:)((:)(!:)(a:))(^:l)(/:w)(^:)((:)(a:)(a:)(-:)(a:k)(-:)(-:)():)():)(!:)(d:)(/:)(d:)():)(d:)(d:)(a:)(a:)(!:)(/:)((:)((:)(/:)():)(^:)
(a:)(/:)(^:q)(-:)(/:)(/:)(d:)(-:)(a:)(!:)():)(!:)((:v)():)(!:A)((:)(a:b)((:)(a:E)((:)():)(a:)(^:)():)(a:)((:)(!:)(^:h)
(a:)(!:)((:)(!:)():)():)((:)(a:)((:y)():u)():)((:z)(-:)(/:)(!:)(!:)((:r)():)(!:)(/:)(!:)((:)
(!:)((:.)(-:)():)(!:)(-:)(d:)(!:)(/:)(-:)(^:p)(-:)(a:)(^:)(/:)():)(-:g)(-:)
():)((:0)(^:)():)(d:)(d:)():)():F)(-:()(!:)(/:I)(-:)(/:a)(!:)((:)
(^:3)(/:)(/:)(/:C)(a:e)():d)(!:)(^:m)():T)(d:s)
(a:)():)(/:O)
(-:,)(^:$)
