(:)
(_:3)(%:b)(.:y)
(.:])(%:e)(_:r)(_:m)(%:f)(.:)(.:R)(_:x)(%:)
(_:)(%:)(.:)(_:2)(%:k)(.:)(.:)(_:)(%:)(.:)(_:)(%:w)(_:)(.:a)(.:T)(%:()(_:s)(%:D)(_:U)(.:d)(_:n)(.:u)(%:)
(_:B)(_:))(_:7)(%:)(.:)(%:g)(%:v)(.:)(_:o)(.:)(_:)(.:S)(%:)(_:)(%:4)(_:)(_:A)(%:)(_:F)(%:0)(_:L)(%:)(_:')(_:)(%:c)
(%:q)(_:l)(_:K)(.:.)(_:P)(%:h)(.:[)(_:t)(%:H)(.:1)(_:J)(%:9)(_:,)(.:p)(.:i)
(:)
(_:3)(%:b)(.:y)
(.:])(%:e)(_:r)(_:m)(%:f)(.:)(.:R)(_:x)(%:)
(_:)(%:)(.:)(_:2)(%:k)(.:)(.:)(_:)(%:)(.:)(_:)(%:w)(_:)(.:a)(.:T)(%:()(_:s)(%:D)(_:U)(.:d)(_:n)(.:u)(%:)
(_:B)(_:))(_:7)(%:)(.:)(%:g)(%:v)(.:)(_:o)(.:)(_:)(.:S)(%:)(_:)(%:4)(_:)(_:A)(%:)(_:F)(%:0)(_:L)(%:)(_:)(_:')(_:)(%:c)
(%:q)(_:l)(_:K)(.:.)(_:P)(%:h)(.:[)(_:t)(%:H)(.:1)(_:J)(%:9)(_:,)(.:p)(_:$)(.:i)
(:)
(_:3)(%:b)(.:y)
(.:])(%:e)(_:r)(_:m)(%:f)(.:=)(.:R)(_:x)(%:)
(_:)(%:)(.:)(_:2)(%:k)(.:)(.:)(_:)(%:)(.:)(_:)(%:w)(_:)(.:a)(.:T)(%:()(_:s)(%:D)(_:U)(.:d)(_:n)(.:u)(%:)
(_:B)(_:))(_:7)(%:)(.:)(%:g)(%:v)(.:)(_:o)(.:)(_:)(.:S)(%:)(_:)(%:4)(_:)(_:A)(%:)(_:F)(%:0)(_:L)(%:)(_:)(_:')(_:)(%:c)
(%:q)(_:l)(_:K)(.:.)(_:P)(%:h)(.:[)(_:t)(%:H)(.:1)(_:J)(%:9)(_:,)(.:p)(_:$)(.:i)
(:)
(_:3)(%:b)(.:y)
(.:])(%:e)(_:r)(_:m)(%:f)(.:=)(.:R)(_:x)(%:)
(_:)(%:)(.:)(_:2)(%:k)(.:)(.:)(_:)(%:)(.:)(_:)(%:w)(_:)(.:a)(.:T)(%:()(_:s)(%:D)(_:U)(.:d)(_:n)(.:u)(%:)
(_:B)(_:))(_:7)(%:)(.:)(%:g)(%:v)(.:)(_:o)(.:)(_:)(.:S)(%:)(_:O)(%:4)(_:)(_:A)(%:)(_:F)(%:0)(_:L)(%:)(_:)(_:')(_:)(%:c)
(%:q)(_:l)(_:K)(.:.)(_:P)(%:h)(.:[)(_:t)(%:H)(.:1)(_:J)(%:9)(_:,)(.:p)(_:$)(.:i)
(:)
(_:3)(%:b)(.:y)
(.:])(%:e)(_:r)(_:m)(%:f)(.:=)(.:R)(_:x)(%:)
(_:)(%:)(.:)(_:2)(%:k)(.:)(.:)(_:)(%:)(.:)(_:)(%:w)(_:)(.:a)(.:T)(%:()(_:s)(%:D)(_:U)(.:d)(_:n)(.:u)(%:Y)
(_:B)(_:))(_:7)(%:)(.:)(%:g)(%:v)(.:)(_:o)(.:)(_:)(.:S)(%:)(_:O)(%:4)(_:)(_:A)(%:)(_:F)(%:0)(_:L)(%:)(_:)(_:')(_:)(%:c)
(%:q)(_:l)(_:K)(.:.)(_:P)(%:h)(.:[)(_:t)(%:H)(.:1)(_:J)(%:9)(_:,)(.:p)(_:$)(.:i)
