(:)
(/:g)(-:)(!:u)
(/:o)(-:R)(!:a)(/:)(-:d)(!:)(-:)(/:c)
(/:)(-:)(!:)(/:)(!:)(-:b)(!:)(-:)(/:)(!:)(-:)(/:)(!:)(!:)
(!:))(-:r)(!:)(/:;)(-:)(!:)(/:)(/:y)(!:)(/:)(-:,)(-:)(!:f)(-:)(!:)(-:)(!:)(/:D)(-:)
(!:i)(!:)(/:)(!:)(-:)(/:)(-:)(-:-)(/:)(/:s)(!:T)(/:)(-:w)(-:)(/:l)(!:)(-:)(/:)
(/:X)(-:)(!:)(-:)(!:)(!:)(-:M)(/:)(/:)(-:t)(-:)(-:e)
(-:)(!:.)(/:h)(/:)(!:)(/:O)(/:p)(-:m)(!:)
(!:v)(!:()(/:k)(/:n)
(:)
(/:g)(-:)(!:u)
(/:o)(-:R)(!:a)(/:)(-:d)(!:)(-:)(/:c)
(/:)(-:)(!:)(/:)(!:)(-:b)(!:)(-:)(/:)(!:)(-:)(/:)(!:)(!:q)
(!:))(-:r)(!:)(/:;)(-:)(!:)(/:)(/:y)(!:)(/:)(-:,)(-:)(!:f)(-:)(!:)(-:)(!:)(/:D)(-:)
(!:i)(!:)(/:)(!:)(-:)(/:)(-:)(-:-)(/:)(/:s)(!:T)(/:)(-:w)(-:)(/:l)(!:)(-:)(/:)
(/:X)(-:)(!:)(-:)(!:)(!:)(-:M)(/:)(/:)(-:t)(-:)(-:e)
(-:)(!:.)(/:h)(/:)(!:)(/:O)(/:p)(-:m)(!:)
(!:v)(!:()(/:k)(/:n)
(:)
(/:g)(-:)(!:u)
(/:o)(-:R)(!:a)(/:)(-:d)(!:)(-:)(/:c)
(/:)(-:)(!:)(/:)(!:)(-:b)(!:)(-:)(/:)(!:)(-:)(/:)(!:)(!:q)(-:)
(!:))(-:r)(!:)(/:;)(-:)(!:)(/:)(/:y)(!:)(/:)(-:,)(-:)(!:f)(-:)(!:)(-:)(!:)(/:D)(-:)(/:)
(!:i)(!:)(/:)(!:)(-:)(/:)(-:)(-:-)(/:)(/:s)(!:T)(/:)(-:w)(-:)(/:l)(!:)(-:)(/:)(!:)
(/:X)(-:)(!:)(-:)(!:)(!:)(-:M)(/:)(/:)(-:t)(-:)(-:e)(-:)
(-:)(!:.)(/:h)(/:)(!:)(/:O)(/:p)(-:m)(!:)(!:)
(!:v)(!:()(/:k)(/:n)(!:z)
(:)
(/:g)(-:)(!:u)
(/:o)(-:R)(!:a)(/:)(-:d)(!:)(-:)(/:c)
(/:)(-:)(!:)(/:)(!:)(-:b)(!:)(-:)(/:)(!:)(-:)(/:)(!:)(!:q)(-:)
(!:))(-:r)(!:)(/:;)(-:)(!:)(/:)(/:y)(!:)(/:)(-:,)(-:)(!:f)(-:)(!:)(-:)(!:)(/:D)(-:)(/:)
(!:i)(!:)(/:)(!:)(-:)(/:)(-:)(-:-)(/:)(/:s)(!:T)(/:)(-:w)(-:)(/:l)(!:)(-:)(/:)(!:)
(/:X)(-:)(!:)(-:)(!:)(!:)(-:M)(/:)(/:)(-:t)(-:)(-:e)(-:)
(-:)(!:.)(/:)(!:)(/:O)(/:p)(-:m)(!:)(!:)
(!:v)(!:()(/:k)(/:n)(!:z)
(:)
(/:g)(-:)(!:)
(/:o)(-:R)(!:a)(/:)(-:d)(!:)(-:)(/:c)
(/:)(-:)(!:)(/:)(!:)(-:b)(!:)(-:)(/:)(!:)(-:)(/:)(!:)(!:q)(-:)
(!:))(-:r)(!:)(/:;)(-:)(!:)(/:)(/:y)(!:)(/:)(-:,)(-:)(!:f)(-:)(!:)(-:)(!:)(/:D)(-:)(/:)
(!:i)(!:)(/:)(!:)(-:)(/:)(-:)(-:-)(/:)(/:s)(!:T)(/:)(-:w)(-:)(/:l)(!:)(-:)(/:)(!:)
(/:X)(-:)(!:)(-:)(!:)(!:)(-:M)(/:)(/:)(-:t)(-:)(-:e)(-:)
(-:)(!:.)(/:)(!:)(/:O)(/:p)(-:m)(!:)(!:)
(!:v)(!:()(/:k)(/:n)(!:z)
(:)
(/:g)(-:)(!:)
(/:o)(-:R)(!:a)(/:)(-:d)(!:)(-:)(/:c)
(/:)(-:)(!:)(/:)(!:)(-:b)(!:)(-:)(/:)(!:)(-:)(/:)(!:)(!:q)(-:)(/:)
(!:))(-:r)(!:)(/:;)(-:)(!:)(/:)(/:y)(!:)(/:)(-:,)(-:)(!:f)(-:)(!:)(-:)(!:)(/:D)(-:)(/:)(/:)
(!:i)(!:)(/:)(!:)(-:)(/:)(-:)(-:-)(/:)(/:s)(!:T)(/:)(-:w)(-:)(/:l)(!:)(-:)(/:)(!:)(!:h)
(/:X)(-:)(!:)(-:)(!:)(!:)(-:M)(/:)(/:)(-:t)(-:)(-:e)(-:)
(-:)(!:.)(/:)(!:)(/:O)(/:p)(-:m)(!:)(!:)
(!:v)(!:()(/:k)(/:n)(!:z)
(:)
(/:g)(-:)(!:)
(/:o)(-:R)(!:a)(/:)(-:d)(!:)(-:)(/:c)
(/:)(-:)(!:)(/:)(!:)(-:b)(!:)(-:)(/:)(!:)(-:)(/:)(!:)(!:q)(-:)(/:)
(!:))(-:r)(!:)(/:;)(-:)(!:)(/:)(/:y)(!:)(/:)(-:,)(-:)(!:f)(-:)(!:)(-:)(!:)(/:D)(-:)(/:)(/:)
(!:i)(!:)(/:)(!:)(-:)(/:)(-:)(-:-)(/:)(/:s)(!:T)(/:)(-:w)(-:)(/:l)(!:)(-:)(/:)(!:)(!:h)
(/:X)(-:)(!:)(-:)(!:)(!:)(-:M)(/:)(/:)(-:t)(-:)(-:e)(-:)
(-:)(!:.)(/:u)(/:)(!:)(/:O)(/:p)(-:m)(!:)(!:)
(!:v)(!:()(/:k)(/:n)(!:z)
(:)
(/:g)(-:)(!:)
(/:o)(-:R)(!:a)(/:)(-:d)(!:)(-:)(/:c)(!:$)
(/:)(-:)(!:)(/:)(!:)(-:b)(!:)(-:)(/:)(!:)(-:)(/:)(!:)(!:q)(-:)(/:)
(!:))(-:r)(!:)(/:;)(-:)(!:)(/:)(/:y)(!:)(/:)(-:,)(-:)(!:f)(-:)(!:)(-:)(!:)(/:D)(-:)(/:)(/:)
(!:i)(!:)(/:)(!:)(-:)(/:)(-:)(-:-)(/:)(/:s)(!:T)(/:)(-:w)(-:)(/:l)(!:)(-:)(/:)(!:)(!:h)
(/:X)(-:)(!:)(-:)(!:)(!:)(-:M)(/:)(/:)(-:t)(-:)(-:e)(-:)
(-:)(!:.)(/:u)(/:)(!:)(/:O)(/:p)(-:m)(!:)(!:)
(!:v)(!:()(/:k)(/:n)(!:z)
(:)
(/:g)(-:)(!:8)
(/:o)(-:R)(!:a)(/:)(-:d)(!:)(-:)(/:c)(!:$)
(/:)(-:)(!:)(/:)(!:)(-:b)(!:)(-:)(/:)(!:)(-:)(/:)(!:)(!:q)(-:)(/:)
(!:))(-:r)(!:)(/:;)(-:)(!:)(/:)(/:y)(!:)(/:)(-:,)(-:)(!:f)(-:)(!:)(-:)(!:)(/:D)(-:)(/:)(/:)
(!:i)(!:)(/:)(!:)(-:)(/:)(-:)(-:-)(/:)(/:s)(!:T)(/:)(-:w)(-:)(/:l)(!:)(-:)(/:)(!:)(!:h)
(/:X)(-:)(!:)(-:)(!:)(!:)(-:M)(/:)(/:)(-:t)(-:)(-:e)(-:)
(-:)(!:.)(/:u)(/:)(!:)(/:O)(/:p)(-:m)(!:)(!:)
(!:v)(!:()(/:k)(/:n)(!:z)
