(:)
(/:)(d:F)(-:i)(!:C)
(-:D)(!:h)(/:)(!:c)(-:)(/:r)(d:g)(-:)(/:w)(!:)(/:)(d:n)(-:)
(d:)(!:)(-:)(/:)(-:)(d:)(!:)(/:p)(!:))(d:)(/:)(!:)(!:)(d:o)(-:)(d:)(/:)(!:u)(-:)(/:)(d:b)(/:,)(!:I)
(!:)(/:)(-:S)(/:y)(d:T)(-:)(-:)(-:e)(-:)(!:)(-:)(!:)(d:)(!:)(d:x)(/:)(d:)(d:)(!:)(-:O)(!:)(d:)(/:f)
(/:k)(!:A)(/:)(/:)(!:)(/:)(d:)(!:()(-:)(/:E)(d:3)(d:)(!:)(d:a)(/:)(/::)
(/:d)(-:m)(/:0)(!:.)(/:z)(!:v)(/:t)(/:s)(/:l)
(:)
(/:)(d:F)(-:i)(!:C)
(-:D)(!:h)(/:)(!:c)(-:)(/:r)(d:g)(-:)(/:w)(!:)(/:)(d:n)(-:)
(d:)(!:)(-:)(/:)(-:)(d:)(!:)(/:p)(!:))(d:)(/:)(!:)(!:)(d:o)(-:)(d:)(/:)(!:u)(-:)(/:)(d:b)(/:,)(!:I)
(!:)(/:)(-:S)(/:y)(d:T)(-:)(-:)(-:e)(-:)(!:)(-:)(!:)(d:)(!:)(d:x)(/:)(d:)(d:)(!:)(-:O)(!:)(d:)(/:f)(!:q)
(/:k)(!:A)(/:)(/:)(!:)(/:)(d:)(!:()(-:)(/:E)(d:3)(d:)(!:)(d:a)(/:)(/::)
(/:d)(-:m)(/:0)(!:.)(/:z)(!:v)(/:t)(/:s)(/:l)
(:)
(/:)(d:)(-:i)(!:C)
(-:D)(!:h)(/:)(!:c)(-:)(/:r)(d:g)(-:)(/:w)(!:)(/:)(d:n)(-:)
(d:)(!:)(-:)(/:)(-:)(d:)(!:)(/:p)(!:))(d:)(/:)(!:)(!:)(d:o)(-:)(d:)(/:)(!:u)(-:)(/:)(d:b)(/:,)(!:I)
(!:)(/:)(-:S)(/:y)(d:T)(-:)(-:)(-:e)(-:)(!:)(-:)(!:)(d:)(!:)(d:x)(/:)(d:)(d:)(!:)(-:O)(!:)(d:)(/:f)(!:q)
(/:k)(!:A)(/:)(/:)(!:)(/:)(d:)(!:()(-:)(/:E)(d:3)(d:)(!:)(d:a)(/:)(/::)
(/:d)(-:m)(/:0)(!:.)(/:z)(!:v)(/:t)(/:s)(/:l)
(:)
(/:)(d:)(-:i)(!:C)
(-:D)(!:h)(/:)(!:c)(-:)(/:r)(d:g)(-:)(/:w)(!:)(/:)(d:n)(-:)(!:)
(d:)(!:)(-:)(/:)(-:)(d:)(!:)(/:p)(!:))(d:)(/:)(!:)(!:)(d:o)(-:)(d:)(/:)(!:u)(-:)(/:)(d:b)(/:,)(!:I)(d:)
(!:)(/:)(-:S)(/:y)(d:T)(-:)(-:)(-:e)(-:)(!:)(-:)(!:)(d:)(!:)(d:x)(/:)(d:)(d:)(!:)(-:O)(!:)(d:)(/:f)(!:q)(/:)
(/:k)(!:A)(/:)(/:)(!:)(/:)(d:)(!:()(-:)(/:E)(d:3)(d:)(!:)(d:a)(/:)(/::)(/:)
(/:d)(-:m)(/:0)(!:.)(/:z)(!:v)(/:t)(/:s)(/:l)(!:F)
(:)
(/:)(d:$)(-:i)(!:C)
(-:D)(!:h)(/:)(!:c)(-:)(/:r)(d:g)(-:)(/:w)(!:)(/:)(d:n)(-:)(!:)
(d:)(!:)(-:)(/:)(-:)(d:)(!:)(/:p)(!:))(d:)(/:)(!:)(!:)(d:o)(-:)(d:)(/:)(!:u)(-:)(/:)(d:b)(/:,)(!:I)(d:)
(!:)(/:)(-:S)(/:y)(d:T)(-:)(-:)(-:e)(-:)(!:)(-:)(!:)(d:)(!:)(d:x)(/:)(d:)(d:)(!:)(-:O)(!:)(d:)(/:f)(!:q)(/:)
(/:k)(!:A)(/:)(/:)(!:)(/:)(d:)(!:()(-:)(/:E)(d:3)(d:)(!:)(d:a)(/:)(/::)(/:)
(/:d)(-:m)(/:0)(!:.)(/:z)(!:v)(/:t)(/:s)(/:l)(!:F)
